{"C:\\Users\\VICTUS\\OneDrive\\Documents\\Sem 7\\TB PPSI\\norin\\controllers\\authController.js": {"path":"C:\\Users\\VICTUS\\OneDrive\\Documents\\Sem 7\\TB PPSI\\norin\\controllers\\authController.js","statementMap":{"0":{"start":{"line":1,"column":15},"end":{"line":1,"column":32}},"1":{"start":{"line":2,"column":17},"end":{"line":2,"column":37}},"2":{"start":{"line":7,"column":4},"end":{"line":7,"column":43}},"3":{"start":{"line":8,"column":4},"end":{"line":8,"column":67}},"4":{"start":{"line":12,"column":45},"end":{"line":12,"column":53}},"5":{"start":{"line":14,"column":4},"end":{"line":44,"column":5}},"6":{"start":{"line":15,"column":19},"end":{"line":15,"column":62}},"7":{"start":{"line":16,"column":6},"end":{"line":18,"column":7}},"8":{"start":{"line":17,"column":8},"end":{"line":17,"column":97}},"9":{"start":{"line":20,"column":29},"end":{"line":20,"column":42}},"10":{"start":{"line":21,"column":26},"end":{"line":21,"column":31}},"11":{"start":{"line":23,"column":6},"end":{"line":27,"column":7}},"12":{"start":{"line":24,"column":8},"end":{"line":24,"column":71}},"13":{"start":{"line":26,"column":8},"end":{"line":26,"column":52}},"14":{"start":{"line":29,"column":6},"end":{"line":31,"column":7}},"15":{"start":{"line":30,"column":8},"end":{"line":30,"column":91}},"16":{"start":{"line":33,"column":6},"end":{"line":33,"column":66}},"17":{"start":{"line":34,"column":6},"end":{"line":38,"column":7}},"18":{"start":{"line":35,"column":8},"end":{"line":35,"column":60}},"19":{"start":{"line":37,"column":8},"end":{"line":37,"column":43}},"20":{"start":{"line":40,"column":6},"end":{"line":40,"column":36}},"21":{"start":{"line":42,"column":6},"end":{"line":42,"column":51}},"22":{"start":{"line":43,"column":6},"end":{"line":43,"column":66}},"23":{"start":{"line":48,"column":4},"end":{"line":48,"column":38}},"24":{"start":{"line":52,"column":25},"end":{"line":52,"column":34}},"25":{"start":{"line":53,"column":4},"end":{"line":53,"column":83}},"26":{"start":{"line":53,"column":19},"end":{"line":53,"column":83}},"27":{"start":{"line":55,"column":4},"end":{"line":63,"column":5}},"28":{"start":{"line":56,"column":19},"end":{"line":56,"column":62}},"29":{"start":{"line":57,"column":6},"end":{"line":57,"column":81}},"30":{"start":{"line":57,"column":17},"end":{"line":57,"column":81}},"31":{"start":{"line":59,"column":6},"end":{"line":59,"column":61}},"32":{"start":{"line":61,"column":6},"end":{"line":61,"column":62}},"33":{"start":{"line":62,"column":6},"end":{"line":62,"column":54}},"34":{"start":{"line":67,"column":46},"end":{"line":67,"column":54}},"35":{"start":{"line":69,"column":4},"end":{"line":71,"column":5}},"36":{"start":{"line":70,"column":6},"end":{"line":70,"column":73}},"37":{"start":{"line":73,"column":4},"end":{"line":87,"column":5}},"38":{"start":{"line":74,"column":19},"end":{"line":74,"column":62}},"39":{"start":{"line":75,"column":6},"end":{"line":75,"column":81}},"40":{"start":{"line":75,"column":17},"end":{"line":75,"column":81}},"41":{"start":{"line":77,"column":22},"end":{"line":77,"column":95}},"42":{"start":{"line":78,"column":6},"end":{"line":78,"column":86}},"43":{"start":{"line":78,"column":20},"end":{"line":78,"column":86}},"44":{"start":{"line":80,"column":6},"end":{"line":80,"column":34}},"45":{"start":{"line":81,"column":6},"end":{"line":81,"column":24}},"46":{"start":{"line":83,"column":6},"end":{"line":83,"column":82}},"47":{"start":{"line":85,"column":6},"end":{"line":85,"column":53}},"48":{"start":{"line":86,"column":6},"end":{"line":86,"column":54}},"49":{"start":{"line":91,"column":4},"end":{"line":98,"column":7}},"50":{"start":{"line":92,"column":6},"end":{"line":95,"column":7}},"51":{"start":{"line":93,"column":8},"end":{"line":93,"column":44}},"52":{"start":{"line":94,"column":8},"end":{"line":94,"column":53}},"53":{"start":{"line":96,"column":6},"end":{"line":96,"column":37}},"54":{"start":{"line":97,"column":6},"end":{"line":97,"column":41}},"55":{"start":{"line":102,"column":0},"end":{"line":102,"column":38}}},"fnMap":{"0":{"name":"(anonymous_0)","decl":{"start":{"line":6,"column":2},"end":{"line":6,"column":3}},"loc":{"start":{"line":6,"column":26},"end":{"line":9,"column":3}},"line":6},"1":{"name":"(anonymous_1)","decl":{"start":{"line":11,"column":2},"end":{"line":11,"column":3}},"loc":{"start":{"line":11,"column":33},"end":{"line":45,"column":3}},"line":11},"2":{"name":"(anonymous_2)","decl":{"start":{"line":47,"column":2},"end":{"line":47,"column":3}},"loc":{"start":{"line":47,"column":35},"end":{"line":49,"column":3}},"line":47},"3":{"name":"(anonymous_3)","decl":{"start":{"line":51,"column":2},"end":{"line":51,"column":3}},"loc":{"start":{"line":51,"column":38},"end":{"line":64,"column":3}},"line":51},"4":{"name":"(anonymous_4)","decl":{"start":{"line":66,"column":2},"end":{"line":66,"column":3}},"loc":{"start":{"line":66,"column":42},"end":{"line":88,"column":3}},"line":66},"5":{"name":"(anonymous_5)","decl":{"start":{"line":90,"column":2},"end":{"line":90,"column":3}},"loc":{"start":{"line":90,"column":19},"end":{"line":99,"column":3}},"line":90},"6":{"name":"(anonymous_6)","decl":{"start":{"line":91,"column":24},"end":{"line":91,"column":25}},"loc":{"start":{"line":91,"column":33},"end":{"line":98,"column":5}},"line":91}},"branchMap":{"0":{"loc":{"start":{"line":16,"column":6},"end":{"line":18,"column":7}},"type":"if","locations":[{"start":{"line":16,"column":6},"end":{"line":18,"column":7}},{"start":{},"end":{}}],"line":16},"1":{"loc":{"start":{"line":23,"column":6},"end":{"line":27,"column":7}},"type":"if","locations":[{"start":{"line":23,"column":6},"end":{"line":27,"column":7}},{"start":{"line":25,"column":13},"end":{"line":27,"column":7}}],"line":23},"2":{"loc":{"start":{"line":23,"column":10},"end":{"line":23,"column":80}},"type":"binary-expr","locations":[{"start":{"line":23,"column":10},"end":{"line":23,"column":43}},{"start":{"line":23,"column":47},"end":{"line":23,"column":80}}],"line":23},"3":{"loc":{"start":{"line":29,"column":6},"end":{"line":31,"column":7}},"type":"if","locations":[{"start":{"line":29,"column":6},"end":{"line":31,"column":7}},{"start":{},"end":{}}],"line":29},"4":{"loc":{"start":{"line":34,"column":6},"end":{"line":38,"column":7}},"type":"if","locations":[{"start":{"line":34,"column":6},"end":{"line":38,"column":7}},{"start":{"line":36,"column":13},"end":{"line":38,"column":7}}],"line":34},"5":{"loc":{"start":{"line":53,"column":4},"end":{"line":53,"column":83}},"type":"if","locations":[{"start":{"line":53,"column":4},"end":{"line":53,"column":83}},{"start":{},"end":{}}],"line":53},"6":{"loc":{"start":{"line":57,"column":6},"end":{"line":57,"column":81}},"type":"if","locations":[{"start":{"line":57,"column":6},"end":{"line":57,"column":81}},{"start":{},"end":{}}],"line":57},"7":{"loc":{"start":{"line":69,"column":4},"end":{"line":71,"column":5}},"type":"if","locations":[{"start":{"line":69,"column":4},"end":{"line":71,"column":5}},{"start":{},"end":{}}],"line":69},"8":{"loc":{"start":{"line":69,"column":8},"end":{"line":69,"column":44}},"type":"binary-expr","locations":[{"start":{"line":69,"column":8},"end":{"line":69,"column":17}},{"start":{"line":69,"column":21},"end":{"line":69,"column":28}},{"start":{"line":69,"column":32},"end":{"line":69,"column":44}}],"line":69},"9":{"loc":{"start":{"line":75,"column":6},"end":{"line":75,"column":81}},"type":"if","locations":[{"start":{"line":75,"column":6},"end":{"line":75,"column":81}},{"start":{},"end":{}}],"line":75},"10":{"loc":{"start":{"line":78,"column":6},"end":{"line":78,"column":86}},"type":"if","locations":[{"start":{"line":78,"column":6},"end":{"line":78,"column":86}},{"start":{},"end":{}}],"line":78},"11":{"loc":{"start":{"line":92,"column":6},"end":{"line":95,"column":7}},"type":"if","locations":[{"start":{"line":92,"column":6},"end":{"line":95,"column":7}},{"start":{},"end":{}}],"line":92}},"s":{"0":1,"1":1,"2":1,"3":1,"4":7,"5":7,"6":7,"7":5,"8":1,"9":4,"10":4,"11":4,"12":2,"13":2,"14":4,"15":1,"16":3,"17":3,"18":1,"19":2,"20":3,"21":2,"22":2,"23":1,"24":5,"25":5,"26":2,"27":3,"28":3,"29":2,"30":1,"31":1,"32":1,"33":1,"34":6,"35":6,"36":1,"37":5,"38":5,"39":4,"40":1,"41":3,"42":3,"43":2,"44":1,"45":1,"46":1,"47":1,"48":1,"49":2,"50":2,"51":1,"52":1,"53":1,"54":1,"55":1},"f":{"0":1,"1":7,"2":1,"3":5,"4":6,"5":2,"6":2},"b":{"0":[1,4],"1":[2,2],"2":[4,2],"3":[1,3],"4":[1,2],"5":[2,3],"6":[1,1],"7":[1,5],"8":[6,5,5],"9":[1,3],"10":[2,1],"11":[1,1]},"_coverageSchema":"1a1c01bbd47fc00a2c39e90264f33305004495a9","hash":"6a9a8736b012b9989b202a794b5f9578efbbc8a5"}
,"C:\\Users\\VICTUS\\OneDrive\\Documents\\Sem 7\\TB PPSI\\norin\\controllers\\keranjangController.js": {"path":"C:\\Users\\VICTUS\\OneDrive\\Documents\\Sem 7\\TB PPSI\\norin\\controllers\\keranjangController.js","statementMap":{"0":{"start":{"line":1,"column":37},"end":{"line":1,"column":57}},"1":{"start":{"line":2,"column":15},"end":{"line":2,"column":35}},"2":{"start":{"line":3,"column":47},"end":{"line":3,"column":74}},"3":{"start":{"line":7,"column":4},"end":{"line":32,"column":5}},"4":{"start":{"line":8,"column":26},"end":{"line":8,"column":34}},"5":{"start":{"line":9,"column":19},"end":{"line":9,"column":47}},"6":{"start":{"line":10,"column":6},"end":{"line":10,"column":82}},"7":{"start":{"line":10,"column":17},"end":{"line":10,"column":82}},"8":{"start":{"line":12,"column":6},"end":{"line":12,"column":61}},"9":{"start":{"line":12,"column":34},"end":{"line":12,"column":61}},"10":{"start":{"line":14,"column":23},"end":{"line":14,"column":77}},"11":{"start":{"line":14,"column":55},"end":{"line":14,"column":76}},"12":{"start":{"line":15,"column":6},"end":{"line":26,"column":7}},"13":{"start":{"line":16,"column":8},"end":{"line":16,"column":29}},"14":{"start":{"line":17,"column":8},"end":{"line":17,"column":60}},"15":{"start":{"line":19,"column":8},"end":{"line":25,"column":11}},"16":{"start":{"line":28,"column":6},"end":{"line":28,"column":68}},"17":{"start":{"line":30,"column":6},"end":{"line":30,"column":44}},"18":{"start":{"line":31,"column":6},"end":{"line":31,"column":51}},"19":{"start":{"line":36,"column":4},"end":{"line":59,"column":5}},"20":{"start":{"line":37,"column":34},"end":{"line":37,"column":42}},"21":{"start":{"line":38,"column":6},"end":{"line":38,"column":61}},"22":{"start":{"line":38,"column":34},"end":{"line":38,"column":61}},"23":{"start":{"line":40,"column":19},"end":{"line":40,"column":73}},"24":{"start":{"line":40,"column":51},"end":{"line":40,"column":72}},"25":{"start":{"line":41,"column":6},"end":{"line":41,"column":53}},"26":{"start":{"line":41,"column":17},"end":{"line":41,"column":53}},"27":{"start":{"line":43,"column":6},"end":{"line":43,"column":48}},"28":{"start":{"line":43,"column":31},"end":{"line":43,"column":48}},"29":{"start":{"line":44,"column":6},"end":{"line":44,"column":48}},"30":{"start":{"line":44,"column":31},"end":{"line":44,"column":48}},"31":{"start":{"line":46,"column":6},"end":{"line":50,"column":7}},"32":{"start":{"line":47,"column":8},"end":{"line":47,"column":89}},"33":{"start":{"line":47,"column":66},"end":{"line":47,"column":87}},"34":{"start":{"line":49,"column":8},"end":{"line":49,"column":52}},"35":{"start":{"line":52,"column":6},"end":{"line":55,"column":9}},"36":{"start":{"line":57,"column":6},"end":{"line":57,"column":42}},"37":{"start":{"line":58,"column":6},"end":{"line":58,"column":51}},"38":{"start":{"line":63,"column":4},"end":{"line":72,"column":5}},"39":{"start":{"line":64,"column":26},"end":{"line":64,"column":36}},"40":{"start":{"line":65,"column":6},"end":{"line":65,"column":70}},"41":{"start":{"line":65,"column":34},"end":{"line":65,"column":70}},"42":{"start":{"line":67,"column":6},"end":{"line":67,"column":87}},"43":{"start":{"line":67,"column":64},"end":{"line":67,"column":85}},"44":{"start":{"line":68,"column":6},"end":{"line":68,"column":34}},"45":{"start":{"line":70,"column":6},"end":{"line":70,"column":40}},"46":{"start":{"line":71,"column":6},"end":{"line":71,"column":51}},"47":{"start":{"line":76,"column":4},"end":{"line":93,"column":5}},"48":{"start":{"line":77,"column":35},"end":{"line":77,"column":43}},"49":{"start":{"line":79,"column":6},"end":{"line":82,"column":7}},"50":{"start":{"line":80,"column":21},"end":{"line":80,"column":75}},"51":{"start":{"line":80,"column":53},"end":{"line":80,"column":74}},"52":{"start":{"line":81,"column":8},"end":{"line":81,"column":41}},"53":{"start":{"line":81,"column":18},"end":{"line":81,"column":41}},"54":{"start":{"line":84,"column":6},"end":{"line":87,"column":8}},"55":{"start":{"line":89,"column":6},"end":{"line":89,"column":65}},"56":{"start":{"line":91,"column":6},"end":{"line":91,"column":52}},"57":{"start":{"line":92,"column":6},"end":{"line":92,"column":84}},"58":{"start":{"line":97,"column":4},"end":{"line":159,"column":5}},"59":{"start":{"line":98,"column":22},"end":{"line":98,"column":41}},"60":{"start":{"line":99,"column":20},"end":{"line":99,"column":47}},"61":{"start":{"line":101,"column":6},"end":{"line":101,"column":83}},"62":{"start":{"line":101,"column":20},"end":{"line":101,"column":83}},"63":{"start":{"line":102,"column":6},"end":{"line":102,"column":91}},"64":{"start":{"line":102,"column":30},"end":{"line":102,"column":91}},"65":{"start":{"line":104,"column":19},"end":{"line":104,"column":50}},"66":{"start":{"line":105,"column":6},"end":{"line":105,"column":87}},"67":{"start":{"line":105,"column":17},"end":{"line":105,"column":87}},"68":{"start":{"line":107,"column":20},"end":{"line":107,"column":51}},"69":{"start":{"line":108,"column":6},"end":{"line":108,"column":67}},"70":{"start":{"line":108,"column":17},"end":{"line":108,"column":67}},"71":{"start":{"line":110,"column":25},"end":{"line":110,"column":73}},"72":{"start":{"line":110,"column":50},"end":{"line":110,"column":69}},"73":{"start":{"line":112,"column":24},"end":{"line":115,"column":8}},"74":{"start":{"line":117,"column":23},"end":{"line":117,"column":24}},"75":{"start":{"line":118,"column":6},"end":{"line":120,"column":7}},"76":{"start":{"line":119,"column":8},"end":{"line":119,"column":75}},"77":{"start":{"line":121,"column":25},"end":{"line":121,"column":72}},"78":{"start":{"line":123,"column":6},"end":{"line":129,"column":9}},"79":{"start":{"line":131,"column":6},"end":{"line":151,"column":7}},"80":{"start":{"line":132,"column":25},"end":{"line":135,"column":10}},"81":{"start":{"line":137,"column":29},"end":{"line":137,"column":30}},"82":{"start":{"line":138,"column":8},"end":{"line":140,"column":9}},"83":{"start":{"line":139,"column":10},"end":{"line":139,"column":82}},"84":{"start":{"line":142,"column":29},"end":{"line":142,"column":80}},"85":{"start":{"line":144,"column":8},"end":{"line":150,"column":11}},"86":{"start":{"line":153,"column":6},"end":{"line":153,"column":33}},"87":{"start":{"line":155,"column":6},"end":{"line":155,"column":43}},"88":{"start":{"line":157,"column":6},"end":{"line":157,"column":44}},"89":{"start":{"line":158,"column":6},"end":{"line":158,"column":51}},"90":{"start":{"line":163,"column":0},"end":{"line":163,"column":43}}},"fnMap":{"0":{"name":"(anonymous_0)","decl":{"start":{"line":6,"column":2},"end":{"line":6,"column":3}},"loc":{"start":{"line":6,"column":33},"end":{"line":33,"column":3}},"line":6},"1":{"name":"(anonymous_1)","decl":{"start":{"line":14,"column":50},"end":{"line":14,"column":51}},"loc":{"start":{"line":14,"column":55},"end":{"line":14,"column":76}},"line":14},"2":{"name":"(anonymous_2)","decl":{"start":{"line":35,"column":2},"end":{"line":35,"column":3}},"loc":{"start":{"line":35,"column":31},"end":{"line":60,"column":3}},"line":35},"3":{"name":"(anonymous_3)","decl":{"start":{"line":40,"column":46},"end":{"line":40,"column":47}},"loc":{"start":{"line":40,"column":51},"end":{"line":40,"column":72}},"line":40},"4":{"name":"(anonymous_4)","decl":{"start":{"line":47,"column":61},"end":{"line":47,"column":62}},"loc":{"start":{"line":47,"column":66},"end":{"line":47,"column":87}},"line":47},"5":{"name":"(anonymous_5)","decl":{"start":{"line":62,"column":2},"end":{"line":62,"column":3}},"loc":{"start":{"line":62,"column":29},"end":{"line":73,"column":3}},"line":62},"6":{"name":"(anonymous_6)","decl":{"start":{"line":67,"column":59},"end":{"line":67,"column":60}},"loc":{"start":{"line":67,"column":64},"end":{"line":67,"column":85}},"line":67},"7":{"name":"(anonymous_7)","decl":{"start":{"line":75,"column":2},"end":{"line":75,"column":3}},"loc":{"start":{"line":75,"column":32},"end":{"line":94,"column":3}},"line":75},"8":{"name":"(anonymous_8)","decl":{"start":{"line":80,"column":48},"end":{"line":80,"column":49}},"loc":{"start":{"line":80,"column":53},"end":{"line":80,"column":74}},"line":80},"9":{"name":"(anonymous_9)","decl":{"start":{"line":96,"column":2},"end":{"line":96,"column":3}},"loc":{"start":{"line":96,"column":27},"end":{"line":160,"column":3}},"line":96},"10":{"name":"(anonymous_10)","decl":{"start":{"line":110,"column":38},"end":{"line":110,"column":39}},"loc":{"start":{"line":110,"column":50},"end":{"line":110,"column":69}},"line":110}},"branchMap":{"0":{"loc":{"start":{"line":10,"column":6},"end":{"line":10,"column":82}},"type":"if","locations":[{"start":{"line":10,"column":6},"end":{"line":10,"column":82}},{"start":{},"end":{}}],"line":10},"1":{"loc":{"start":{"line":12,"column":6},"end":{"line":12,"column":61}},"type":"if","locations":[{"start":{"line":12,"column":6},"end":{"line":12,"column":61}},{"start":{},"end":{}}],"line":12},"2":{"loc":{"start":{"line":15,"column":6},"end":{"line":26,"column":7}},"type":"if","locations":[{"start":{"line":15,"column":6},"end":{"line":26,"column":7}},{"start":{"line":18,"column":13},"end":{"line":26,"column":7}}],"line":15},"3":{"loc":{"start":{"line":38,"column":6},"end":{"line":38,"column":61}},"type":"if","locations":[{"start":{"line":38,"column":6},"end":{"line":38,"column":61}},{"start":{},"end":{}}],"line":38},"4":{"loc":{"start":{"line":41,"column":6},"end":{"line":41,"column":53}},"type":"if","locations":[{"start":{"line":41,"column":6},"end":{"line":41,"column":53}},{"start":{},"end":{}}],"line":41},"5":{"loc":{"start":{"line":43,"column":6},"end":{"line":43,"column":48}},"type":"if","locations":[{"start":{"line":43,"column":6},"end":{"line":43,"column":48}},{"start":{},"end":{}}],"line":43},"6":{"loc":{"start":{"line":44,"column":6},"end":{"line":44,"column":48}},"type":"if","locations":[{"start":{"line":44,"column":6},"end":{"line":44,"column":48}},{"start":{},"end":{}}],"line":44},"7":{"loc":{"start":{"line":46,"column":6},"end":{"line":50,"column":7}},"type":"if","locations":[{"start":{"line":46,"column":6},"end":{"line":50,"column":7}},{"start":{"line":48,"column":13},"end":{"line":50,"column":7}}],"line":46},"8":{"loc":{"start":{"line":65,"column":6},"end":{"line":65,"column":70}},"type":"if","locations":[{"start":{"line":65,"column":6},"end":{"line":65,"column":70}},{"start":{},"end":{}}],"line":65},"9":{"loc":{"start":{"line":79,"column":6},"end":{"line":82,"column":7}},"type":"if","locations":[{"start":{"line":79,"column":6},"end":{"line":82,"column":7}},{"start":{},"end":{}}],"line":79},"10":{"loc":{"start":{"line":81,"column":8},"end":{"line":81,"column":41}},"type":"if","locations":[{"start":{"line":81,"column":8},"end":{"line":81,"column":41}},{"start":{},"end":{}}],"line":81},"11":{"loc":{"start":{"line":99,"column":20},"end":{"line":99,"column":47}},"type":"binary-expr","locations":[{"start":{"line":99,"column":20},"end":{"line":99,"column":41}},{"start":{"line":99,"column":45},"end":{"line":99,"column":47}}],"line":99},"12":{"loc":{"start":{"line":101,"column":6},"end":{"line":101,"column":83}},"type":"if","locations":[{"start":{"line":101,"column":6},"end":{"line":101,"column":83}},{"start":{},"end":{}}],"line":101},"13":{"loc":{"start":{"line":102,"column":6},"end":{"line":102,"column":91}},"type":"if","locations":[{"start":{"line":102,"column":6},"end":{"line":102,"column":91}},{"start":{},"end":{}}],"line":102},"14":{"loc":{"start":{"line":105,"column":6},"end":{"line":105,"column":87}},"type":"if","locations":[{"start":{"line":105,"column":6},"end":{"line":105,"column":87}},{"start":{},"end":{}}],"line":105},"15":{"loc":{"start":{"line":108,"column":6},"end":{"line":108,"column":67}},"type":"if","locations":[{"start":{"line":108,"column":6},"end":{"line":108,"column":67}},{"start":{},"end":{}}],"line":108},"16":{"loc":{"start":{"line":118,"column":6},"end":{"line":120,"column":7}},"type":"if","locations":[{"start":{"line":118,"column":6},"end":{"line":120,"column":7}},{"start":{},"end":{}}],"line":118},"17":{"loc":{"start":{"line":118,"column":10},"end":{"line":118,"column":60}},"type":"binary-expr","locations":[{"start":{"line":118,"column":10},"end":{"line":118,"column":19}},{"start":{"line":118,"column":23},"end":{"line":118,"column":60}}],"line":118},"18":{"loc":{"start":{"line":138,"column":8},"end":{"line":140,"column":9}},"type":"if","locations":[{"start":{"line":138,"column":8},"end":{"line":140,"column":9}},{"start":{},"end":{}}],"line":138},"19":{"loc":{"start":{"line":138,"column":12},"end":{"line":138,"column":62}},"type":"binary-expr","locations":[{"start":{"line":138,"column":12},"end":{"line":138,"column":20}},{"start":{"line":138,"column":24},"end":{"line":138,"column":62}}],"line":138}},"s":{"0":1,"1":1,"2":1,"3":4,"4":4,"5":4,"6":3,"7":1,"8":2,"9":1,"10":2,"11":1,"12":2,"13":1,"14":1,"15":1,"16":2,"17":1,"18":1,"19":5,"20":5,"21":5,"22":1,"23":5,"24":3,"25":4,"26":2,"27":2,"28":1,"29":2,"30":1,"31":2,"32":1,"33":1,"34":1,"35":2,"36":1,"37":1,"38":3,"39":3,"40":3,"41":1,"42":2,"43":2,"44":1,"45":1,"46":1,"47":5,"48":5,"49":5,"50":4,"51":4,"52":4,"53":3,"54":5,"55":4,"56":1,"57":1,"58":9,"59":9,"60":9,"61":9,"62":1,"63":8,"64":2,"65":6,"66":6,"67":1,"68":5,"69":5,"70":1,"71":4,"72":4,"73":4,"74":4,"75":4,"76":1,"77":4,"78":4,"79":3,"80":3,"81":3,"82":3,"83":1,"84":3,"85":3,"86":3,"87":3,"88":1,"89":1,"90":1},"f":{"0":4,"1":1,"2":5,"3":3,"4":1,"5":3,"6":2,"7":5,"8":4,"9":9,"10":4},"b":{"0":[1,2],"1":[1,1],"2":[1,1],"3":[1,4],"4":[2,2],"5":[1,1],"6":[1,1],"7":[1,1],"8":[1,2],"9":[4,1],"10":[3,1],"11":[9,1],"12":[1,8],"13":[2,6],"14":[1,5],"15":[1,4],"16":[1,3],"17":[4,2],"18":[1,2],"19":[3,2]},"_coverageSchema":"1a1c01bbd47fc00a2c39e90264f33305004495a9","hash":"e61c637e3d6b93d2d7b09f5abc6b1ba1f5d6645e"}
,"C:\\Users\\VICTUS\\OneDrive\\Documents\\Sem 7\\TB PPSI\\norin\\controllers\\menuController.js": {"path":"C:\\Users\\VICTUS\\OneDrive\\Documents\\Sem 7\\TB PPSI\\norin\\controllers\\menuController.js","statementMap":{"0":{"start":{"line":1,"column":17},"end":{"line":1,"column":37}},"1":{"start":{"line":2,"column":13},"end":{"line":2,"column":28}},"2":{"start":{"line":3,"column":11},"end":{"line":3,"column":24}},"3":{"start":{"line":8,"column":4},"end":{"line":17,"column":5}},"4":{"start":{"line":9,"column":20},"end":{"line":9,"column":40}},"5":{"start":{"line":10,"column":6},"end":{"line":13,"column":9}},"6":{"start":{"line":15,"column":6},"end":{"line":15,"column":44}},"7":{"start":{"line":16,"column":6},"end":{"line":16,"column":56}},"8":{"start":{"line":21,"column":4},"end":{"line":43,"column":5}},"9":{"start":{"line":22,"column":64},"end":{"line":22,"column":72}},"10":{"start":{"line":23,"column":17},"end":{"line":23,"column":21}},"11":{"start":{"line":25,"column":6},"end":{"line":27,"column":7}},"12":{"start":{"line":26,"column":8},"end":{"line":26,"column":52}},"13":{"start":{"line":29,"column":6},"end":{"line":36,"column":9}},"14":{"start":{"line":38,"column":6},"end":{"line":38,"column":41}},"15":{"start":{"line":41,"column":6},"end":{"line":41,"column":44}},"16":{"start":{"line":42,"column":6},"end":{"line":42,"column":53}},"17":{"start":{"line":47,"column":4},"end":{"line":78,"column":5}},"18":{"start":{"line":48,"column":21},"end":{"line":48,"column":31}},"19":{"start":{"line":49,"column":64},"end":{"line":49,"column":72}},"20":{"start":{"line":51,"column":19},"end":{"line":51,"column":42}},"21":{"start":{"line":52,"column":6},"end":{"line":52,"column":69}},"22":{"start":{"line":52,"column":17},"end":{"line":52,"column":69}},"23":{"start":{"line":54,"column":17},"end":{"line":54,"column":26}},"24":{"start":{"line":56,"column":6},"end":{"line":62,"column":7}},"25":{"start":{"line":57,"column":8},"end":{"line":60,"column":9}},"26":{"start":{"line":58,"column":26},"end":{"line":58,"column":73}},"27":{"start":{"line":59,"column":10},"end":{"line":59,"column":61}},"28":{"start":{"line":59,"column":38},"end":{"line":59,"column":61}},"29":{"start":{"line":61,"column":8},"end":{"line":61,"column":52}},"30":{"start":{"line":64,"column":6},"end":{"line":71,"column":9}},"31":{"start":{"line":73,"column":6},"end":{"line":73,"column":41}},"32":{"start":{"line":76,"column":6},"end":{"line":76,"column":44}},"33":{"start":{"line":77,"column":6},"end":{"line":77,"column":52}},"34":{"start":{"line":82,"column":4},"end":{"line":100,"column":5}},"35":{"start":{"line":83,"column":21},"end":{"line":83,"column":31}},"36":{"start":{"line":84,"column":19},"end":{"line":84,"column":42}},"37":{"start":{"line":86,"column":6},"end":{"line":86,"column":69}},"38":{"start":{"line":86,"column":17},"end":{"line":86,"column":69}},"39":{"start":{"line":88,"column":6},"end":{"line":91,"column":7}},"40":{"start":{"line":89,"column":24},"end":{"line":89,"column":71}},"41":{"start":{"line":90,"column":8},"end":{"line":90,"column":59}},"42":{"start":{"line":90,"column":36},"end":{"line":90,"column":59}},"43":{"start":{"line":93,"column":6},"end":{"line":93,"column":27}},"44":{"start":{"line":95,"column":6},"end":{"line":95,"column":41}},"45":{"start":{"line":98,"column":6},"end":{"line":98,"column":44}},"46":{"start":{"line":99,"column":6},"end":{"line":99,"column":51}},"47":{"start":{"line":104,"column":0},"end":{"line":104,"column":38}}},"fnMap":{"0":{"name":"(anonymous_0)","decl":{"start":{"line":7,"column":2},"end":{"line":7,"column":3}},"loc":{"start":{"line":7,"column":25},"end":{"line":18,"column":3}},"line":7},"1":{"name":"(anonymous_1)","decl":{"start":{"line":20,"column":2},"end":{"line":20,"column":3}},"loc":{"start":{"line":20,"column":25},"end":{"line":44,"column":3}},"line":20},"2":{"name":"(anonymous_2)","decl":{"start":{"line":46,"column":2},"end":{"line":46,"column":3}},"loc":{"start":{"line":46,"column":25},"end":{"line":79,"column":3}},"line":46},"3":{"name":"(anonymous_3)","decl":{"start":{"line":81,"column":2},"end":{"line":81,"column":3}},"loc":{"start":{"line":81,"column":25},"end":{"line":101,"column":3}},"line":81}},"branchMap":{"0":{"loc":{"start":{"line":25,"column":6},"end":{"line":27,"column":7}},"type":"if","locations":[{"start":{"line":25,"column":6},"end":{"line":27,"column":7}},{"start":{},"end":{}}],"line":25},"1":{"loc":{"start":{"line":52,"column":6},"end":{"line":52,"column":69}},"type":"if","locations":[{"start":{"line":52,"column":6},"end":{"line":52,"column":69}},{"start":{},"end":{}}],"line":52},"2":{"loc":{"start":{"line":56,"column":6},"end":{"line":62,"column":7}},"type":"if","locations":[{"start":{"line":56,"column":6},"end":{"line":62,"column":7}},{"start":{},"end":{}}],"line":56},"3":{"loc":{"start":{"line":57,"column":8},"end":{"line":60,"column":9}},"type":"if","locations":[{"start":{"line":57,"column":8},"end":{"line":60,"column":9}},{"start":{},"end":{}}],"line":57},"4":{"loc":{"start":{"line":59,"column":10},"end":{"line":59,"column":61}},"type":"if","locations":[{"start":{"line":59,"column":10},"end":{"line":59,"column":61}},{"start":{},"end":{}}],"line":59},"5":{"loc":{"start":{"line":86,"column":6},"end":{"line":86,"column":69}},"type":"if","locations":[{"start":{"line":86,"column":6},"end":{"line":86,"column":69}},{"start":{},"end":{}}],"line":86},"6":{"loc":{"start":{"line":88,"column":6},"end":{"line":91,"column":7}},"type":"if","locations":[{"start":{"line":88,"column":6},"end":{"line":91,"column":7}},{"start":{},"end":{}}],"line":88},"7":{"loc":{"start":{"line":90,"column":8},"end":{"line":90,"column":59}},"type":"if","locations":[{"start":{"line":90,"column":8},"end":{"line":90,"column":59}},{"start":{},"end":{}}],"line":90}},"s":{"0":1,"1":1,"2":1,"3":2,"4":2,"5":1,"6":1,"7":1,"8":3,"9":3,"10":3,"11":3,"12":1,"13":3,"14":2,"15":1,"16":1,"17":6,"18":6,"19":6,"20":6,"21":5,"22":1,"23":4,"24":4,"25":3,"26":2,"27":2,"28":1,"29":3,"30":4,"31":4,"32":1,"33":1,"34":5,"35":5,"36":5,"37":4,"38":1,"39":3,"40":2,"41":2,"42":1,"43":3,"44":3,"45":1,"46":1,"47":1},"f":{"0":2,"1":3,"2":6,"3":5},"b":{"0":[1,2],"1":[1,4],"2":[3,1],"3":[2,1],"4":[1,1],"5":[1,3],"6":[2,1],"7":[1,1]},"_coverageSchema":"1a1c01bbd47fc00a2c39e90264f33305004495a9","hash":"2244792d15a3393a21d230812b0ee43272860882"}
,"C:\\Users\\VICTUS\\OneDrive\\Documents\\Sem 7\\TB PPSI\\norin\\controllers\\menuUserController.js": {"path":"C:\\Users\\VICTUS\\OneDrive\\Documents\\Sem 7\\TB PPSI\\norin\\controllers\\menuUserController.js","statementMap":{"0":{"start":{"line":1,"column":23},"end":{"line":1,"column":43}},"1":{"start":{"line":2,"column":15},"end":{"line":2,"column":35}},"2":{"start":{"line":7,"column":4},"end":{"line":11,"column":6}},"3":{"start":{"line":15,"column":4},"end":{"line":47,"column":5}},"4":{"start":{"line":16,"column":24},"end":{"line":16,"column":38}},"5":{"start":{"line":18,"column":6},"end":{"line":28,"column":7}},"6":{"start":{"line":19,"column":19},"end":{"line":19,"column":72}},"7":{"start":{"line":20,"column":8},"end":{"line":24,"column":9}},"8":{"start":{"line":21,"column":26},"end":{"line":21,"column":66}},"9":{"start":{"line":22,"column":26},"end":{"line":22,"column":65}},"10":{"start":{"line":23,"column":10},"end":{"line":23,"column":86}},"11":{"start":{"line":26,"column":8},"end":{"line":26,"column":43}},"12":{"start":{"line":27,"column":8},"end":{"line":27,"column":43}},"13":{"start":{"line":30,"column":20},"end":{"line":33,"column":8}},"14":{"start":{"line":35,"column":21},"end":{"line":35,"column":50}},"15":{"start":{"line":37,"column":6},"end":{"line":43,"column":9}},"16":{"start":{"line":45,"column":6},"end":{"line":45,"column":44}},"17":{"start":{"line":46,"column":6},"end":{"line":46,"column":66}},"18":{"start":{"line":51,"column":4},"end":{"line":75,"column":5}},"19":{"start":{"line":52,"column":27},"end":{"line":52,"column":37}},"20":{"start":{"line":53,"column":22},"end":{"line":53,"column":67}},"21":{"start":{"line":55,"column":20},"end":{"line":61,"column":8}},"22":{"start":{"line":63,"column":21},"end":{"line":63,"column":50}},"23":{"start":{"line":65,"column":6},"end":{"line":71,"column":9}},"24":{"start":{"line":73,"column":6},"end":{"line":73,"column":51}},"25":{"start":{"line":74,"column":6},"end":{"line":74,"column":66}},"26":{"start":{"line":79,"column":4},"end":{"line":103,"column":5}},"27":{"start":{"line":80,"column":26},"end":{"line":80,"column":35}},"28":{"start":{"line":81,"column":22},"end":{"line":81,"column":67}},"29":{"start":{"line":83,"column":20},"end":{"line":89,"column":8}},"30":{"start":{"line":91,"column":21},"end":{"line":91,"column":50}},"31":{"start":{"line":93,"column":6},"end":{"line":99,"column":9}},"32":{"start":{"line":101,"column":6},"end":{"line":101,"column":44}},"33":{"start":{"line":102,"column":6},"end":{"line":102,"column":66}},"34":{"start":{"line":107,"column":4},"end":{"line":117,"column":5}},"35":{"start":{"line":108,"column":21},"end":{"line":108,"column":31}},"36":{"start":{"line":109,"column":22},"end":{"line":109,"column":67}},"37":{"start":{"line":111,"column":19},"end":{"line":111,"column":65}},"38":{"start":{"line":112,"column":6},"end":{"line":112,"column":69}},"39":{"start":{"line":112,"column":17},"end":{"line":112,"column":69}},"40":{"start":{"line":114,"column":6},"end":{"line":114,"column":55}},"41":{"start":{"line":116,"column":6},"end":{"line":116,"column":66}},"42":{"start":{"line":121,"column":22},"end":{"line":121,"column":36}},"43":{"start":{"line":124,"column":4},"end":{"line":130,"column":5}},"44":{"start":{"line":125,"column":6},"end":{"line":125,"column":38}},"45":{"start":{"line":126,"column":6},"end":{"line":128,"column":30}},"46":{"start":{"line":129,"column":6},"end":{"line":129,"column":13}},"47":{"start":{"line":133,"column":4},"end":{"line":136,"column":5}},"48":{"start":{"line":134,"column":6},"end":{"line":134,"column":30}},"49":{"start":{"line":135,"column":6},"end":{"line":135,"column":39}},"50":{"start":{"line":141,"column":0},"end":{"line":141,"column":42}}},"fnMap":{"0":{"name":"(anonymous_0)","decl":{"start":{"line":6,"column":2},"end":{"line":6,"column":3}},"loc":{"start":{"line":6,"column":27},"end":{"line":12,"column":3}},"line":6},"1":{"name":"(anonymous_1)","decl":{"start":{"line":14,"column":2},"end":{"line":14,"column":3}},"loc":{"start":{"line":14,"column":29},"end":{"line":48,"column":3}},"line":14},"2":{"name":"(anonymous_2)","decl":{"start":{"line":50,"column":2},"end":{"line":50,"column":3}},"loc":{"start":{"line":50,"column":36},"end":{"line":76,"column":3}},"line":50},"3":{"name":"(anonymous_3)","decl":{"start":{"line":78,"column":2},"end":{"line":78,"column":3}},"loc":{"start":{"line":78,"column":29},"end":{"line":104,"column":3}},"line":78},"4":{"name":"(anonymous_4)","decl":{"start":{"line":106,"column":2},"end":{"line":106,"column":3}},"loc":{"start":{"line":106,"column":30},"end":{"line":118,"column":3}},"line":106},"5":{"name":"(anonymous_5)","decl":{"start":{"line":120,"column":2},"end":{"line":120,"column":3}},"loc":{"start":{"line":120,"column":25},"end":{"line":137,"column":3}},"line":120}},"branchMap":{"0":{"loc":{"start":{"line":18,"column":6},"end":{"line":28,"column":7}},"type":"if","locations":[{"start":{"line":18,"column":6},"end":{"line":28,"column":7}},{"start":{},"end":{}}],"line":18},"1":{"loc":{"start":{"line":20,"column":8},"end":{"line":24,"column":9}},"type":"if","locations":[{"start":{"line":20,"column":8},"end":{"line":24,"column":9}},{"start":{},"end":{}}],"line":20},"2":{"loc":{"start":{"line":39,"column":17},"end":{"line":39,"column":44}},"type":"binary-expr","locations":[{"start":{"line":39,"column":17},"end":{"line":39,"column":36}},{"start":{"line":39,"column":40},"end":{"line":39,"column":44}}],"line":39},"3":{"loc":{"start":{"line":40,"column":19},"end":{"line":40,"column":46}},"type":"binary-expr","locations":[{"start":{"line":40,"column":19},"end":{"line":40,"column":40}},{"start":{"line":40,"column":44},"end":{"line":40,"column":46}}],"line":40},"4":{"loc":{"start":{"line":53,"column":22},"end":{"line":53,"column":67}},"type":"binary-expr","locations":[{"start":{"line":53,"column":22},"end":{"line":53,"column":36}},{"start":{"line":53,"column":40},"end":{"line":53,"column":59}},{"start":{"line":53,"column":63},"end":{"line":53,"column":67}}],"line":53},"5":{"loc":{"start":{"line":69,"column":19},"end":{"line":69,"column":46}},"type":"binary-expr","locations":[{"start":{"line":69,"column":19},"end":{"line":69,"column":40}},{"start":{"line":69,"column":44},"end":{"line":69,"column":46}}],"line":69},"6":{"loc":{"start":{"line":81,"column":22},"end":{"line":81,"column":67}},"type":"binary-expr","locations":[{"start":{"line":81,"column":22},"end":{"line":81,"column":36}},{"start":{"line":81,"column":40},"end":{"line":81,"column":59}},{"start":{"line":81,"column":63},"end":{"line":81,"column":67}}],"line":81},"7":{"loc":{"start":{"line":97,"column":19},"end":{"line":97,"column":46}},"type":"binary-expr","locations":[{"start":{"line":97,"column":19},"end":{"line":97,"column":40}},{"start":{"line":97,"column":44},"end":{"line":97,"column":46}}],"line":97},"8":{"loc":{"start":{"line":109,"column":22},"end":{"line":109,"column":67}},"type":"binary-expr","locations":[{"start":{"line":109,"column":22},"end":{"line":109,"column":36}},{"start":{"line":109,"column":40},"end":{"line":109,"column":59}},{"start":{"line":109,"column":63},"end":{"line":109,"column":67}}],"line":109},"9":{"loc":{"start":{"line":112,"column":6},"end":{"line":112,"column":69}},"type":"if","locations":[{"start":{"line":112,"column":6},"end":{"line":112,"column":69}},{"start":{},"end":{}}],"line":112},"10":{"loc":{"start":{"line":124,"column":4},"end":{"line":130,"column":5}},"type":"if","locations":[{"start":{"line":124,"column":4},"end":{"line":130,"column":5}},{"start":{},"end":{}}],"line":124},"11":{"loc":{"start":{"line":126,"column":28},"end":{"line":128,"column":29}},"type":"cond-expr","locations":[{"start":{"line":127,"column":10},"end":{"line":127,"column":20}},{"start":{"line":128,"column":10},"end":{"line":128,"column":29}}],"line":126},"12":{"loc":{"start":{"line":133,"column":4},"end":{"line":136,"column":5}},"type":"if","locations":[{"start":{"line":133,"column":4},"end":{"line":136,"column":5}},{"start":{},"end":{}}],"line":133}},"s":{"0":1,"1":1,"2":9,"3":5,"4":5,"5":5,"6":2,"7":2,"8":1,"9":1,"10":1,"11":2,"12":2,"13":5,"14":4,"15":4,"16":1,"17":1,"18":3,"19":3,"20":3,"21":3,"22":2,"23":2,"24":1,"25":1,"26":3,"27":3,"28":3,"29":3,"30":2,"31":2,"32":1,"33":1,"34":3,"35":3,"36":3,"37":3,"38":2,"39":1,"40":1,"41":1,"42":4,"43":4,"44":2,"45":2,"46":2,"47":2,"48":1,"49":1,"50":1},"f":{"0":9,"1":5,"2":3,"3":3,"4":3,"5":4},"b":{"0":[2,3],"1":[1,1],"2":[4,1],"3":[4,3],"4":[3,3,2],"5":[2,1],"6":[3,3,3],"7":[2,1],"8":[3,3,2],"9":[1,1],"10":[2,2],"11":[1,1],"12":[1,1]},"_coverageSchema":"1a1c01bbd47fc00a2c39e90264f33305004495a9","hash":"504a15699898b3d708bb511e90160b7d6ca4388f"}
}
