TN:
SF:controllers\authController.js
FN:6,(anonymous_0)
FN:11,(anonymous_1)
FN:47,(anonymous_2)
FN:51,(anonymous_3)
FN:66,(anonymous_4)
FN:90,(anonymous_5)
FN:91,(anonymous_6)
FNF:7
FNH:7
FNDA:1,(anonymous_0)
FNDA:7,(anonymous_1)
FNDA:1,(anonymous_2)
FNDA:5,(anonymous_3)
FNDA:6,(anonymous_4)
FNDA:2,(anonymous_5)
FNDA:2,(anonymous_6)
DA:1,1
DA:2,1
DA:7,1
DA:8,1
DA:12,7
DA:14,7
DA:15,7
DA:16,5
DA:17,1
DA:20,4
DA:21,4
DA:23,4
DA:24,2
DA:26,2
DA:29,4
DA:30,1
DA:33,3
DA:34,3
DA:35,1
DA:37,2
DA:40,3
DA:42,2
DA:43,2
DA:48,1
DA:52,5
DA:53,5
DA:55,3
DA:56,3
DA:57,2
DA:59,1
DA:61,1
DA:62,1
DA:67,6
DA:69,6
DA:70,1
DA:73,5
DA:74,5
DA:75,4
DA:77,3
DA:78,3
DA:80,1
DA:81,1
DA:83,1
DA:85,1
DA:86,1
DA:91,2
DA:92,2
DA:93,1
DA:94,1
DA:96,1
DA:97,1
DA:102,1
LF:52
LH:52
BRDA:16,0,0,1
BRDA:16,0,1,4
BRDA:23,1,0,2
BRDA:23,1,1,2
BRDA:23,2,0,4
BRDA:23,2,1,2
BRDA:29,3,0,1
BRDA:29,3,1,3
BRDA:34,4,0,1
BRDA:34,4,1,2
BRDA:53,5,0,2
BRDA:53,5,1,3
BRDA:57,6,0,1
BRDA:57,6,1,1
BRDA:69,7,0,1
BRDA:69,7,1,5
BRDA:69,8,0,6
BRDA:69,8,1,5
BRDA:69,8,2,5
BRDA:75,9,0,1
BRDA:75,9,1,3
BRDA:78,10,0,2
BRDA:78,10,1,1
BRDA:92,11,0,1
BRDA:92,11,1,1
BRF:25
BRH:25
end_of_record
TN:
SF:controllers\keranjangController.js
FN:6,(anonymous_0)
FN:14,(anonymous_1)
FN:35,(anonymous_2)
FN:40,(anonymous_3)
FN:47,(anonymous_4)
FN:62,(anonymous_5)
FN:67,(anonymous_6)
FN:75,(anonymous_7)
FN:80,(anonymous_8)
FN:96,(anonymous_9)
FN:110,(anonymous_10)
FNF:11
FNH:11
FNDA:4,(anonymous_0)
FNDA:1,(anonymous_1)
FNDA:5,(anonymous_2)
FNDA:3,(anonymous_3)
FNDA:1,(anonymous_4)
FNDA:3,(anonymous_5)
FNDA:2,(anonymous_6)
FNDA:5,(anonymous_7)
FNDA:4,(anonymous_8)
FNDA:9,(anonymous_9)
FNDA:4,(anonymous_10)
DA:1,1
DA:2,1
DA:3,1
DA:7,4
DA:8,4
DA:9,4
DA:10,3
DA:12,2
DA:14,2
DA:15,2
DA:16,1
DA:17,1
DA:19,1
DA:28,2
DA:30,1
DA:31,1
DA:36,5
DA:37,5
DA:38,5
DA:40,5
DA:41,4
DA:43,2
DA:44,2
DA:46,2
DA:47,1
DA:49,1
DA:52,2
DA:57,1
DA:58,1
DA:63,3
DA:64,3
DA:65,3
DA:67,2
DA:68,1
DA:70,1
DA:71,1
DA:76,5
DA:77,5
DA:79,5
DA:80,4
DA:81,4
DA:84,5
DA:89,4
DA:91,1
DA:92,1
DA:97,9
DA:98,9
DA:99,9
DA:101,9
DA:102,8
DA:104,6
DA:105,6
DA:107,5
DA:108,5
DA:110,4
DA:112,4
DA:117,4
DA:118,4
DA:119,1
DA:121,4
DA:123,4
DA:131,3
DA:132,3
DA:137,3
DA:138,3
DA:139,1
DA:142,3
DA:144,3
DA:153,3
DA:155,3
DA:157,1
DA:158,1
DA:163,1
LF:73
LH:73
BRDA:10,0,0,1
BRDA:10,0,1,2
BRDA:12,1,0,1
BRDA:12,1,1,1
BRDA:15,2,0,1
BRDA:15,2,1,1
BRDA:38,3,0,1
BRDA:38,3,1,4
BRDA:41,4,0,2
BRDA:41,4,1,2
BRDA:43,5,0,1
BRDA:43,5,1,1
BRDA:44,6,0,1
BRDA:44,6,1,1
BRDA:46,7,0,1
BRDA:46,7,1,1
BRDA:65,8,0,1
BRDA:65,8,1,2
BRDA:79,9,0,4
BRDA:79,9,1,1
BRDA:81,10,0,3
BRDA:81,10,1,1
BRDA:99,11,0,9
BRDA:99,11,1,1
BRDA:101,12,0,1
BRDA:101,12,1,8
BRDA:102,13,0,2
BRDA:102,13,1,6
BRDA:105,14,0,1
BRDA:105,14,1,5
BRDA:108,15,0,1
BRDA:108,15,1,4
BRDA:118,16,0,1
BRDA:118,16,1,3
BRDA:118,17,0,4
BRDA:118,17,1,2
BRDA:138,18,0,1
BRDA:138,18,1,2
BRDA:138,19,0,3
BRDA:138,19,1,2
BRF:40
BRH:40
end_of_record
TN:
SF:controllers\menuController.js
FN:7,(anonymous_0)
FN:20,(anonymous_1)
FN:46,(anonymous_2)
FN:81,(anonymous_3)
FNF:4
FNH:4
FNDA:2,(anonymous_0)
FNDA:3,(anonymous_1)
FNDA:6,(anonymous_2)
FNDA:5,(anonymous_3)
DA:1,1
DA:2,1
DA:3,1
DA:8,2
DA:9,2
DA:10,1
DA:15,1
DA:16,1
DA:21,3
DA:22,3
DA:23,3
DA:25,3
DA:26,1
DA:29,3
DA:38,2
DA:41,1
DA:42,1
DA:47,6
DA:48,6
DA:49,6
DA:51,6
DA:52,5
DA:54,4
DA:56,4
DA:57,3
DA:58,2
DA:59,2
DA:61,3
DA:64,4
DA:73,4
DA:76,1
DA:77,1
DA:82,5
DA:83,5
DA:84,5
DA:86,4
DA:88,3
DA:89,2
DA:90,2
DA:93,3
DA:95,3
DA:98,1
DA:99,1
DA:104,1
LF:44
LH:44
BRDA:25,0,0,1
BRDA:25,0,1,2
BRDA:52,1,0,1
BRDA:52,1,1,4
BRDA:56,2,0,3
BRDA:56,2,1,1
BRDA:57,3,0,2
BRDA:57,3,1,1
BRDA:59,4,0,1
BRDA:59,4,1,1
BRDA:86,5,0,1
BRDA:86,5,1,3
BRDA:88,6,0,2
BRDA:88,6,1,1
BRDA:90,7,0,1
BRDA:90,7,1,1
BRF:16
BRH:16
end_of_record
TN:
SF:controllers\menuUserController.js
FN:6,(anonymous_0)
FN:14,(anonymous_1)
FN:50,(anonymous_2)
FN:78,(anonymous_3)
FN:106,(anonymous_4)
FN:120,(anonymous_5)
FNF:6
FNH:6
FNDA:9,(anonymous_0)
FNDA:5,(anonymous_1)
FNDA:3,(anonymous_2)
FNDA:3,(anonymous_3)
FNDA:3,(anonymous_4)
FNDA:4,(anonymous_5)
DA:1,1
DA:2,1
DA:7,9
DA:15,5
DA:16,5
DA:18,5
DA:19,2
DA:20,2
DA:21,1
DA:22,1
DA:23,1
DA:26,2
DA:27,2
DA:30,5
DA:35,4
DA:37,4
DA:45,1
DA:46,1
DA:51,3
DA:52,3
DA:53,3
DA:55,3
DA:63,2
DA:65,2
DA:73,1
DA:74,1
DA:79,3
DA:80,3
DA:81,3
DA:83,3
DA:91,2
DA:93,2
DA:101,1
DA:102,1
DA:107,3
DA:108,3
DA:109,3
DA:111,3
DA:112,2
DA:114,1
DA:116,1
DA:121,4
DA:124,4
DA:125,2
DA:126,2
DA:129,2
DA:133,2
DA:134,1
DA:135,1
DA:141,1
LF:50
LH:50
BRDA:18,0,0,2
BRDA:18,0,1,3
BRDA:20,1,0,1
BRDA:20,1,1,1
BRDA:39,2,0,4
BRDA:39,2,1,1
BRDA:40,3,0,4
BRDA:40,3,1,3
BRDA:53,4,0,3
BRDA:53,4,1,3
BRDA:53,4,2,2
BRDA:69,5,0,2
BRDA:69,5,1,1
BRDA:81,6,0,3
BRDA:81,6,1,3
BRDA:81,6,2,3
BRDA:97,7,0,2
BRDA:97,7,1,1
BRDA:109,8,0,3
BRDA:109,8,1,3
BRDA:109,8,2,2
BRDA:112,9,0,1
BRDA:112,9,1,1
BRDA:124,10,0,2
BRDA:124,10,1,2
BRDA:126,11,0,1
BRDA:126,11,1,1
BRDA:133,12,0,1
BRDA:133,12,1,1
BRF:29
BRH:29
end_of_record
