TN:
SF:controllers\authController.js
FN:6,(anonymous_0)
FN:11,(anonymous_1)
FN:47,(anonymous_2)
FN:51,(anonymous_3)
FN:66,(anonymous_4)
FN:90,(anonymous_5)
FN:91,(anonymous_6)
FNF:7
FNH:7
FNDA:1,(anonymous_0)
FNDA:7,(anonymous_1)
FNDA:1,(anonymous_2)
FNDA:5,(anonymous_3)
FNDA:6,(anonymous_4)
FNDA:2,(anonymous_5)
FNDA:2,(anonymous_6)
DA:1,1
DA:2,1
DA:7,1
DA:8,1
DA:12,7
DA:14,7
DA:15,7
DA:16,5
DA:17,1
DA:20,4
DA:21,4
DA:23,4
DA:24,2
DA:26,2
DA:29,4
DA:30,1
DA:33,3
DA:34,3
DA:35,1
DA:37,2
DA:40,3
DA:42,2
DA:43,2
DA:48,1
DA:52,5
DA:53,5
DA:55,3
DA:56,3
DA:57,2
DA:59,1
DA:61,1
DA:62,1
DA:67,6
DA:69,6
DA:70,1
DA:73,5
DA:74,5
DA:75,4
DA:77,3
DA:78,3
DA:80,1
DA:81,1
DA:83,1
DA:85,1
DA:86,1
DA:91,2
DA:92,2
DA:93,1
DA:94,1
DA:96,1
DA:97,1
DA:102,1
LF:52
LH:52
BRDA:16,0,0,1
BRDA:16,0,1,4
BRDA:23,1,0,2
BRDA:23,1,1,2
BRDA:23,2,0,4
BRDA:23,2,1,2
BRDA:29,3,0,1
BRDA:29,3,1,3
BRDA:34,4,0,1
BRDA:34,4,1,2
BRDA:53,5,0,2
BRDA:53,5,1,3
BRDA:57,6,0,1
BRDA:57,6,1,1
BRDA:69,7,0,1
BRDA:69,7,1,5
BRDA:69,8,0,6
BRDA:69,8,1,5
BRDA:69,8,2,5
BRDA:75,9,0,1
BRDA:75,9,1,3
BRDA:78,10,0,2
BRDA:78,10,1,1
BRDA:92,11,0,1
BRDA:92,11,1,1
BRF:25
BRH:25
end_of_record
TN:
SF:controllers\dashboardController.js
FN:6,(anonymous_0)
FN:10,(anonymous_1)
FN:72,(anonymous_2)
FN:96,(anonymous_3)
FN:100,(anonymous_4)
FN:116,(anonymous_5)
FN:138,(anonymous_6)
FN:154,(anonymous_7)
FN:183,(anonymous_8)
FN:203,(anonymous_9)
FNF:10
FNH:10
FNDA:1,(anonymous_0)
FNDA:6,(anonymous_1)
FNDA:3,(anonymous_2)
FNDA:3,(anonymous_3)
FNDA:4,(anonymous_4)
FNDA:2,(anonymous_5)
FNDA:2,(anonymous_6)
FNDA:2,(anonymous_7)
FNDA:1,(anonymous_8)
FNDA:3,(anonymous_9)
DA:1,1
DA:2,1
DA:3,1
DA:7,1
DA:11,6
DA:12,6
DA:15,6
DA:25,5
DA:27,5
DA:34,5
DA:36,5
DA:37,5
DA:38,5
DA:40,1
DA:43,5
DA:50,5
DA:52,5
DA:63,1
DA:64,1
DA:73,3
DA:74,3
DA:76,3
DA:77,3
DA:78,11
DA:81,3
DA:95,2
DA:96,2
DA:97,3
DA:100,4
DA:105,2
DA:111,1
DA:112,1
DA:117,2
DA:118,2
DA:119,2
DA:121,2
DA:138,2
DA:143,1
DA:149,1
DA:150,1
DA:155,2
DA:156,2
DA:157,2
DA:158,2
DA:160,2
DA:165,1
DA:166,1
DA:168,1
DA:183,1
DA:191,1
DA:198,1
DA:199,1
DA:204,3
DA:205,3
DA:207,3
DA:208,1
DA:214,2
DA:223,1
DA:229,1
DA:230,1
DA:238,1
LF:61
LH:61
BRDA:25,0,0,5
BRDA:25,0,1,2
BRDA:34,1,0,5
BRDA:34,1,1,2
BRDA:50,2,0,5
BRDA:50,2,1,2
BRDA:74,3,0,3
BRDA:74,3,1,1
BRDA:102,4,0,4
BRDA:102,4,1,1
BRDA:118,5,0,2
BRDA:118,5,1,1
BRDA:156,6,0,2
BRDA:156,6,1,1
BRDA:157,7,0,2
BRDA:157,7,1,1
BRDA:207,8,0,1
BRDA:207,8,1,2
BRDA:207,9,0,3
BRDA:207,9,1,2
BRF:20
BRH:20
end_of_record
TN:
SF:controllers\keranjangController.js
FN:6,(anonymous_0)
FN:14,(anonymous_1)
FN:35,(anonymous_2)
FN:40,(anonymous_3)
FN:47,(anonymous_4)
FN:62,(anonymous_5)
FN:67,(anonymous_6)
FN:75,(anonymous_7)
FN:80,(anonymous_8)
FN:96,(anonymous_9)
FN:110,(anonymous_10)
FNF:11
FNH:11
FNDA:4,(anonymous_0)
FNDA:1,(anonymous_1)
FNDA:7,(anonymous_2)
FNDA:5,(anonymous_3)
FNDA:1,(anonymous_4)
FNDA:3,(anonymous_5)
FNDA:2,(anonymous_6)
FNDA:5,(anonymous_7)
FNDA:4,(anonymous_8)
FNDA:11,(anonymous_9)
FNDA:7,(anonymous_10)
DA:1,1
DA:2,1
DA:3,1
DA:7,4
DA:8,4
DA:9,4
DA:10,3
DA:12,2
DA:14,2
DA:15,2
DA:16,1
DA:17,1
DA:19,1
DA:28,2
DA:30,1
DA:31,1
DA:36,7
DA:37,7
DA:38,7
DA:40,7
DA:41,6
DA:43,4
DA:44,4
DA:46,4
DA:47,1
DA:49,3
DA:52,4
DA:57,1
DA:58,1
DA:63,3
DA:64,3
DA:65,3
DA:67,2
DA:68,1
DA:70,1
DA:71,1
DA:76,5
DA:77,5
DA:79,5
DA:80,4
DA:81,4
DA:84,5
DA:89,4
DA:91,1
DA:92,1
DA:97,11
DA:98,11
DA:99,11
DA:101,11
DA:102,10
DA:104,8
DA:105,8
DA:107,7
DA:108,7
DA:110,7
DA:112,6
DA:117,6
DA:118,6
DA:119,2
DA:121,6
DA:123,6
DA:131,5
DA:132,6
DA:137,6
DA:138,6
DA:139,3
DA:142,6
DA:144,6
DA:153,4
DA:155,4
DA:157,2
DA:158,2
DA:163,1
LF:73
LH:73
BRDA:10,0,0,1
BRDA:10,0,1,2
BRDA:12,1,0,1
BRDA:12,1,1,1
BRDA:15,2,0,1
BRDA:15,2,1,1
BRDA:38,3,0,1
BRDA:38,3,1,6
BRDA:41,4,0,2
BRDA:41,4,1,4
BRDA:43,5,0,1
BRDA:43,5,1,3
BRDA:44,6,0,2
BRDA:44,6,1,2
BRDA:46,7,0,1
BRDA:46,7,1,3
BRDA:65,8,0,1
BRDA:65,8,1,2
BRDA:79,9,0,4
BRDA:79,9,1,1
BRDA:81,10,0,3
BRDA:81,10,1,1
BRDA:99,11,0,11
BRDA:99,11,1,1
BRDA:101,12,0,1
BRDA:101,12,1,10
BRDA:102,13,0,2
BRDA:102,13,1,8
BRDA:105,14,0,1
BRDA:105,14,1,7
BRDA:108,15,0,1
BRDA:108,15,1,6
BRDA:118,16,0,2
BRDA:118,16,1,4
BRDA:118,17,0,6
BRDA:118,17,1,3
BRDA:138,18,0,3
BRDA:138,18,1,3
BRDA:138,19,0,6
BRDA:138,19,1,4
BRF:40
BRH:40
end_of_record
TN:
SF:controllers\keranjangViewController.js
FN:5,(anonymous_0)
FN:9,(anonymous_1)
FN:14,(anonymous_2)
FN:15,(anonymous_3)
FN:22,(anonymous_4)
FNF:5
FNH:5
FNDA:4,(anonymous_0)
FNDA:5,(anonymous_1)
FNDA:3,(anonymous_2)
FNDA:3,(anonymous_3)
FNDA:3,(anonymous_4)
DA:1,1
DA:6,4
DA:7,4
DA:9,5
DA:10,4
DA:14,3
DA:15,3
DA:16,3
DA:22,3
DA:24,3
DA:30,1
DA:31,1
DA:37,1
LF:13
LH:13
BRDA:7,0,0,4
BRDA:7,0,1,1
BRDA:18,1,0,2
BRDA:18,1,1,1
BRF:4
BRH:4
end_of_record
TN:
SF:controllers\mejaController.js
FN:11,(anonymous_0)
FN:24,(anonymous_1)
FN:32,(anonymous_2)
FN:66,(anonymous_3)
FN:85,(anonymous_4)
FN:96,(anonymous_5)
FNF:6
FNH:6
FNDA:2,(anonymous_0)
FNDA:1,(anonymous_1)
FNDA:3,(anonymous_2)
FNDA:4,(anonymous_3)
FNDA:2,(anonymous_4)
FNDA:5,(anonymous_5)
DA:1,3
DA:2,3
DA:3,3
DA:4,3
DA:6,3
DA:7,3
DA:12,2
DA:13,2
DA:14,1
DA:19,1
DA:20,1
DA:25,1
DA:33,3
DA:34,3
DA:36,3
DA:37,2
DA:38,1
DA:45,1
DA:46,1
DA:48,1
DA:54,1
DA:61,1
DA:62,1
DA:67,4
DA:68,4
DA:69,4
DA:71,3
DA:73,2
DA:74,2
DA:76,2
DA:77,2
DA:80,1
DA:81,1
DA:86,2
DA:93,2
DA:97,5
DA:99,5
DA:100,1
DA:107,5
DA:111,3
LF:40
LH:40
BRDA:7,0,0,1
BRDA:7,0,1,2
BRDA:37,1,0,1
BRDA:37,1,1,1
BRDA:71,2,0,1
BRDA:71,2,1,2
BRDA:74,3,0,1
BRDA:74,3,1,1
BRDA:96,4,0,1
BRDA:99,5,0,1
BRDA:99,5,1,4
BRDA:99,6,0,5
BRDA:99,6,1,3
BRF:13
BRH:13
end_of_record
TN:
SF:controllers\menuController.js
FN:7,(anonymous_0)
FN:20,(anonymous_1)
FN:46,(anonymous_2)
FN:81,(anonymous_3)
FNF:4
FNH:4
FNDA:2,(anonymous_0)
FNDA:3,(anonymous_1)
FNDA:6,(anonymous_2)
FNDA:5,(anonymous_3)
DA:1,1
DA:2,1
DA:3,1
DA:8,2
DA:9,2
DA:10,1
DA:15,1
DA:16,1
DA:21,3
DA:22,3
DA:23,3
DA:25,3
DA:26,1
DA:29,3
DA:38,2
DA:41,1
DA:42,1
DA:47,6
DA:48,6
DA:49,6
DA:51,6
DA:52,5
DA:54,4
DA:56,4
DA:57,3
DA:58,2
DA:59,2
DA:61,3
DA:64,4
DA:73,4
DA:76,1
DA:77,1
DA:82,5
DA:83,5
DA:84,5
DA:86,4
DA:88,3
DA:89,2
DA:90,2
DA:93,3
DA:95,3
DA:98,1
DA:99,1
DA:104,1
LF:44
LH:44
BRDA:25,0,0,1
BRDA:25,0,1,2
BRDA:52,1,0,1
BRDA:52,1,1,4
BRDA:56,2,0,3
BRDA:56,2,1,1
BRDA:57,3,0,2
BRDA:57,3,1,1
BRDA:59,4,0,1
BRDA:59,4,1,1
BRDA:86,5,0,1
BRDA:86,5,1,3
BRDA:88,6,0,2
BRDA:88,6,1,1
BRDA:90,7,0,1
BRDA:90,7,1,1
BRF:16
BRH:16
end_of_record
TN:
SF:controllers\menuUserController.js
FN:6,(anonymous_0)
FN:14,(anonymous_1)
FN:50,(anonymous_2)
FN:78,(anonymous_3)
FN:106,(anonymous_4)
FN:120,(anonymous_5)
FNF:6
FNH:6
FNDA:11,(anonymous_0)
FNDA:5,(anonymous_1)
FNDA:3,(anonymous_2)
FNDA:5,(anonymous_3)
FNDA:3,(anonymous_4)
FNDA:4,(anonymous_5)
DA:1,1
DA:2,1
DA:7,11
DA:15,5
DA:16,5
DA:18,5
DA:19,2
DA:20,2
DA:21,1
DA:22,1
DA:23,1
DA:26,2
DA:27,2
DA:30,5
DA:35,4
DA:37,4
DA:45,1
DA:46,1
DA:51,3
DA:52,3
DA:53,3
DA:55,3
DA:63,2
DA:65,2
DA:73,1
DA:74,1
DA:79,5
DA:80,5
DA:81,5
DA:83,5
DA:91,4
DA:93,4
DA:101,1
DA:102,1
DA:107,3
DA:108,3
DA:109,3
DA:111,3
DA:112,2
DA:114,1
DA:116,1
DA:121,4
DA:124,4
DA:125,2
DA:126,2
DA:129,2
DA:133,2
DA:134,1
DA:135,1
DA:141,1
LF:50
LH:50
BRDA:18,0,0,2
BRDA:18,0,1,3
BRDA:20,1,0,1
BRDA:20,1,1,1
BRDA:39,2,0,4
BRDA:39,2,1,1
BRDA:40,3,0,4
BRDA:40,3,1,3
BRDA:53,4,0,3
BRDA:53,4,1,3
BRDA:53,4,2,2
BRDA:69,5,0,2
BRDA:69,5,1,1
BRDA:81,6,0,5
BRDA:81,6,1,4
BRDA:81,6,2,3
BRDA:97,7,0,4
BRDA:97,7,1,1
BRDA:109,8,0,3
BRDA:109,8,1,3
BRDA:109,8,2,2
BRDA:112,9,0,1
BRDA:112,9,1,1
BRDA:124,10,0,2
BRDA:124,10,1,2
BRDA:126,11,0,1
BRDA:126,11,1,1
BRDA:133,12,0,1
BRDA:133,12,1,1
BRF:29
BRH:29
end_of_record
TN:
SF:controllers\pesananController.js
FN:6,(anonymous_0)
FN:47,(anonymous_1)
FN:76,(anonymous_2)
FN:105,(anonymous_3)
FN:131,(anonymous_4)
FNF:5
FNH:5
FNDA:3,(anonymous_0)
FNDA:3,(anonymous_1)
FNDA:3,(anonymous_2)
FNDA:4,(anonymous_3)
FNDA:2,(anonymous_4)
DA:1,1
DA:2,1
DA:7,3
DA:8,3
DA:9,3
DA:10,3
DA:12,3
DA:14,2
DA:27,2
DA:29,2
DA:30,1
DA:33,1
DA:42,1
DA:43,1
DA:48,3
DA:49,3
DA:50,3
DA:51,3
DA:53,3
DA:57,2
DA:59,1
DA:61,1
DA:68,1
DA:71,1
DA:72,1
DA:77,3
DA:78,3
DA:80,3
DA:94,2
DA:100,1
DA:101,1
DA:106,4
DA:107,4
DA:108,4
DA:110,4
DA:111,3
DA:113,2
DA:120,2
DA:126,1
DA:127,1
DA:132,2
DA:133,2
DA:139,1
DA:142,1
DA:143,1
DA:148,1
LF:46
LH:46
BRDA:9,0,0,3
BRDA:9,0,1,2
BRDA:29,1,0,1
BRDA:29,1,1,1
BRDA:29,2,0,2
BRDA:29,2,1,1
BRDA:57,3,0,1
BRDA:57,3,1,1
BRDA:111,4,0,1
BRDA:111,4,1,2
BRDA:116,5,0,2
BRDA:116,5,1,1
BRF:12
BRH:12
end_of_record
TN:
SF:models\index.js
FN:21,(anonymous_0)
FN:29,(anonymous_1)
FN:34,(anonymous_2)
FNF:3
FNH:3
FNDA:44,(anonymous_0)
FNDA:37,(anonymous_1)
FNDA:37,(anonymous_2)
DA:3,8
DA:4,8
DA:5,8
DA:6,8
DA:7,8
DA:8,8
DA:9,8
DA:10,8
DA:13,8
DA:14,1
DA:16,7
DA:19,8
DA:22,44
DA:30,37
DA:31,37
DA:34,8
DA:35,37
DA:36,36
DA:40,8
DA:41,8
DA:43,8
LF:21
LH:21
BRDA:8,0,0,8
BRDA:8,0,1,1
BRDA:13,1,0,1
BRDA:13,1,1,7
BRDA:23,2,0,44
BRDA:23,2,1,44
BRDA:23,2,2,37
BRDA:23,2,3,37
BRDA:35,3,0,36
BRDA:35,3,1,1
BRF:10
BRH:10
end_of_record
TN:
SF:models\keranjang.js
FN:4,(anonymous_0)
FN:6,(anonymous_1)
FNF:2
FNH:2
FNDA:7,(anonymous_0)
FNDA:7,(anonymous_1)
DA:2,7
DA:4,7
DA:8,7
DA:11,7
DA:15,7
DA:51,7
LF:6
LH:6
BRF:0
BRH:0
end_of_record
TN:
SF:models\meja.js
FN:4,(anonymous_0)
FN:6,(anonymous_1)
FNF:2
FNH:2
FNDA:7,(anonymous_0)
FNDA:7,(anonymous_1)
DA:2,7
DA:4,7
DA:8,7
DA:12,7
DA:34,7
LF:5
LH:5
BRF:0
BRH:0
end_of_record
TN:
SF:models\menu.js
FN:4,(anonymous_0)
FN:6,(anonymous_1)
FN:51,(anonymous_2)
FNF:3
FNH:3
FNDA:7,(anonymous_0)
FNDA:7,(anonymous_1)
FNDA:2,(anonymous_2)
DA:2,7
DA:4,7
DA:8,7
DA:12,7
DA:51,7
DA:52,2
DA:56,2
DA:58,2
DA:59,1
DA:60,1
DA:63,2
DA:66,7
LF:12
LH:12
BRDA:58,0,0,1
BRDA:58,0,1,1
BRF:2
BRH:2
end_of_record
TN:
SF:models\pesanan.js
FN:4,(anonymous_0)
FN:6,(anonymous_1)
FNF:2
FNH:2
FNDA:7,(anonymous_0)
FNDA:7,(anonymous_1)
DA:2,7
DA:4,7
DA:8,7
DA:10,7
DA:14,7
DA:38,7
LF:6
LH:6
BRF:0
BRH:0
end_of_record
TN:
SF:models\user.js
FN:4,(anonymous_0)
FN:6,(anonymous_1)
FNF:2
FNH:2
FNDA:8,(anonymous_0)
FNDA:8,(anonymous_1)
DA:2,8
DA:4,8
DA:10,8
DA:40,8
LF:4
LH:4
BRF:0
BRH:0
end_of_record
